<?xml version="1.0" encoding="UTF-8"?>
<!-- Generated by org.testng.reporters.JUnitXMLReporter -->
<testsuite ignored="0" hostname="LAPTOP-9JMPPDEE" failures="0" tests="5" name="Test" time="0.165" errors="0" timestamp="2024-12-14T22:54:30 IST">
  <testcase classname="common.BaseTest" name="@BeforeClass setUp" time="-1.734197070627E9">
    <failure type="org.testng.TestNGException" message="
Parameter &amp;apos;browser&amp;apos; is required by BeforeClass on method setUp but has not been marked @Optional or defined
in C:\Selenium_Automation\SetupFiles\latestversion_Sel\testng.xml">
      <![CDATA[org.testng.TestNGException: 
Parameter 'browser' is required by BeforeClass on method setUp but has not been marked @Optional or defined
in C:\Selenium_Automation\SetupFiles\latestversion_Sel\testng.xml
at java.base/java.util.ArrayList.forEach(ArrayList.java:1541)
... Removed 22 stack frames]]>
    </failure>
  </testcase> <!-- @BeforeClass setUp -->
  <testcase classname="common.BaseTest" name="@AfterClass tearDown" time="0.0">
    <skipped/>
  </testcase> <!-- @AfterClass tearDown -->
  <testcase classname="common.MenuTests" name="verifyMenuItems" time="0.0">
    <skipped/>
  </testcase> <!-- verifyMenuItems -->
  <testcase classname="common.MenuTests" name="validateMenuTitles" time="0.0">
    <skipped/>
  </testcase> <!-- validateMenuTitles -->
  <testcase classname="common.MenuTests" name="validateUniqueLinks" time="0.0">
    <skipped/>
  </testcase> <!-- validateUniqueLinks -->
  <testcase classname="common.MenuTests" name="verifyMyAccountPageElements" time="0.001">
    <skipped/>
  </testcase> <!-- verifyMyAccountPageElements -->
  <testcase classname="common.MenuTests" name="extractDashboardText" time="0.0">
    <skipped/>
  </testcase> <!-- extractDashboardText -->
</testsuite> <!-- Test -->
